This is pdfTeX, Version 3.14159265-2.6-1.40.17 (TeX Live 2016) (preloaded format=pdflatex 2016.11.3)  3 NOV 2016 20:10
entering extended mode
 restricted \write18 enabled.
 %&-line parsing enabled.
**epigraph
(./epigraph.tex
LaTeX2e <2016/03/31>
Babel <3.9r> and hyphenation patterns for 22 language(s) loaded.

! LaTeX Error: Environment titlepage undefined.

See the LaTeX manual or LaTeX Companion for explanation.
Type  H <return>  for immediate help.
 ...                                              
                                                  
l.11 \begin{titlepage}
                      
Your command was ignored.
Type  I <command> <return>  to replace it with another command,
or  <return>  to continue without it.


! LaTeX Error: Missing \begin{document}.

See the LaTeX manual or LaTeX Companion for explanation.
Type  H <return>  for immediate help.
 ...                                              
                                                  
l.12 \begin{center}
                   
You're in trouble here.  Try typing  <return>  to proceed.
If that doesn't work, type  X <return>  to quit.


Overfull \hbox (20.0pt too wide) in paragraph at lines 12--12
[] 
 []

Missing character: There is no T in font nullfont!
Missing character: There is no e in font nullfont!
Missing character: There is no s in font nullfont!
Missing character: There is no t in font nullfont!
Missing character: There is no s in font nullfont!
Missing character: There is no a in font nullfont!
Missing character: There is no r in font nullfont!
Missing character: There is no e in font nullfont!
Missing character: There is no s in font nullfont!
Missing character: There is no t in font nullfont!
Missing character: There is no o in font nullfont!
Missing character: There is no r in font nullfont!
Missing character: There is no i in font nullfont!
Missing character: There is no e in font nullfont!
Missing character: There is no s in font nullfont!
Missing character: There is no w in font nullfont!
Missing character: There is no e in font nullfont!
Missing character: There is no t in font nullfont!
Missing character: There is no e in font nullfont!
Missing character: There is no l in font nullfont!
Missing character: There is no l in font nullfont!
Missing character: There is no t in font nullfont!
Missing character: There is no h in font nullfont!
Missing character: There is no e in font nullfont!
Missing character: There is no n in font nullfont!
Missing character: There is no e in font nullfont!
Missing character: There is no x in font nullfont!
Missing character: There is no t in font nullfont!
Missing character: There is no g in font nullfont!
Missing character: There is no e in font nullfont!
Missing character: There is no n in font nullfont!
Missing character: There is no e in font nullfont!
Missing character: There is no r in font nullfont!
Missing character: There is no a in font nullfont!
Missing character: There is no t in font nullfont!
Missing character: There is no i in font nullfont!
Missing character: There is no o in font nullfont!
Missing character: There is no n in font nullfont!
Missing character: There is no o in font nullfont!
Missing character: There is no f in font nullfont!
Missing character: There is no p in font nullfont!
Missing character: There is no r in font nullfont!
Missing character: There is no o in font nullfont!
Missing character: There is no g in font nullfont!
Missing character: There is no r in font nullfont!
Missing character: There is no a in font nullfont!
Missing character: There is no m in font nullfont!
Missing character: There is no m in font nullfont!
Missing character: There is no e in font nullfont!
Missing character: There is no r in font nullfont!
Missing character: There is no s in font nullfont!
Missing character: There is no o in font nullfont!
Missing character: There is no n in font nullfont!
Missing character: There is no a in font nullfont!
Missing character: There is no p in font nullfont!
Missing character: There is no r in font nullfont!
Missing character: There is no o in font nullfont!
Missing character: There is no j in font nullfont!
Missing character: There is no e in font nullfont!
Missing character: There is no c in font nullfont!
Missing character: There is no t in font nullfont!
Missing character: There is no . in font nullfont!

Overfull \hbox (16.74988pt too wide) in paragraph at lines 16--18
 []\OT1/cmr/m/it/10 Roy 
 []


Overfull \hbox (15.33324pt too wide) in paragraph at lines 16--18
 \OT1/cmr/m/it/10 Os- 
 []


Overfull \hbox (30.7942pt too wide) in paragraph at lines 16--18
 \OT1/cmr/m/it/10 herove, 
 []


Overfull \hbox (16.86655pt too wide) in paragraph at lines 16--18
 \OT1/cmr/m/it/10 The 
 []


Overfull \hbox (14.71654pt too wide) in paragraph at lines 16--18
 \OT1/cmr/m/it/10 Art 
 []


Overfull \hbox (8.17773pt too wide) in paragraph at lines 16--18
 \OT1/cmr/m/it/10 of 
 []


Overfull \hbox (19.44432pt too wide) in paragraph at lines 16--18
 \OT1/cmr/m/it/10 Unit 
 []


Overfull \hbox (21.9776pt too wide) in paragraph at lines 16--18
 \OT1/cmr/m/it/10 Test- 
 []


Overfull \hbox (16.35545pt too wide) in paragraph at lines 16--18
 \OT1/cmr/m/it/10 ing: 
 []


Overfull \hbox (21.48875pt too wide) in paragraph at lines 16--18
 \OT1/cmr/m/it/10 With 
 []


Overfull \hbox (14.99991pt too wide) in paragraph at lines 16--18
 \OT1/cmr/m/it/10 Ex- 
 []


Overfull \hbox (16.86656pt too wide) in paragraph at lines 16--18
 \OT1/cmr/m/it/10 am- 
 []


Overfull \hbox (16.35545pt too wide) in paragraph at lines 16--18
 \OT1/cmr/m/it/10 ples 
 []


Overfull \hbox (8.68884pt too wide) in paragraph at lines 16--18
 \OT1/cmr/m/it/10 in 
 []


Overfull \hbox (24.43874pt too wide) in paragraph at lines 16--18
 \OT1/cmr/m/it/10 .NET 
 []


! LaTeX Error: \begin{document} ended by \end{titlepage}.

See the LaTeX manual or LaTeX Companion for explanation.
Type  H <return>  for immediate help.
 ...                                              
                                                  
l.20 \end{titlepage}
                    
Your command was ignored.
Type  I <command> <return>  to replace it with another command,
or  <return>  to continue without it.

)
! Emergency stop.
<*> epigraph
            
*** (job aborted, no legal \end found)

 
Here is how much of TeX's memory you used:
 12 strings out of 494447
 196 string characters out of 6166766
 47243 words of memory out of 5000000
 3447 multiletter control sequences out of 15000+600000
 3986 words of font info for 15 fonts, out of 8000000 for 9000
 319 hyphenation exceptions out of 8191
 13i,1n,10p,120b,118s stack positions out of 5000i,500n,10000p,200000b,80000s
!  ==> Fatal error occurred, no output PDF file produced!
