\BOOKMARK [0][-]{titlePage.0}{Title Page}{}% 1
\BOOKMARK [0][-]{TOC.0}{Table of Contents}{}% 2
\BOOKMARK [0][-]{chapter*.1}{List of Tables}{}% 3
\BOOKMARK [0][-]{chapter*.2}{List of Figures}{}% 4
\BOOKMARK [0][-]{chapter.1}{Introduction and Background}{}% 5
\BOOKMARK [0][-]{chapter.2}{Technical Approach}{}% 6
\BOOKMARK [1][-]{section.2.1}{System Requirements}{chapter.2}% 7
\BOOKMARK [1][-]{section.2.2}{HHVM Bytecode Processing}{chapter.2}% 8
\BOOKMARK [2][-]{subsection.2.2.1}{Intra-Procedural Control Flow Graph Construction}{section.2.2}% 9
\BOOKMARK [2][-]{subsection.2.2.2}{Data Flow Analysis}{section.2.2}% 10
\BOOKMARK [1][-]{section.2.3}{String Automaton Construction}{chapter.2}% 11
\BOOKMARK [1][-]{section.2.4}{Interface Discovery and Grouping}{chapter.2}% 12
\BOOKMARK [0][-]{chapter.3}{Empirical Evaluation}{}% 13
\BOOKMARK [1][-]{section.3.1}{Experiment Setup}{chapter.3}% 14
\BOOKMARK [2][-]{subsection.3.1.1}{Experimental Subjects}{section.3.1}% 15
\BOOKMARK [2][-]{subsection.3.1.2}{Tools Used in Evaluation}{section.3.1}% 16
\BOOKMARK [1][-]{section.3.2}{Results}{chapter.3}% 17
\BOOKMARK [0][-]{chapter.4}{Discussion}{}% 18
\BOOKMARK [1][-]{section.4.1}{Interface Discovery}{chapter.4}% 19
\BOOKMARK [0][-]{chapter.5}{Conclusion}{}% 20
\BOOKMARK [0][-]{chapter*.8}{References}{}% 21
